<?xml version="1.0" encoding="UTF-8"?>
<!-- Generated by org.testng.reporters.JUnitXMLReporter -->
<testsuite ignored="0" hostname="MBP-Alehandro" failures="0" tests="4" name="DepartmentTests.MainTest" time="107.207" errors="0" timestamp="2022-12-15T10:17:54 MSK">
  <testcase classname="DepartmentTests.MainTest" name="testPodruge" time="16.953"/>
  <testcase classname="DepartmentTests.CreateDeleteDepartTest" name="CreateDeleteDepartmentTest" time="14.488"/>
  <testcase classname="DepartmentTests.ChildDepartCreateDeleteTest" name="CreateDeleteDepartmentTest" time="25.141"/>
  <testcase classname="DepartmentTests.EmployeeDepartTest" name="EmployeeDepartmentTest" time="41.514"/>
</testsuite> <!-- DepartmentTests.MainTest -->
