<?xml version="1.0" encoding="UTF-8"?>
<!-- Generated by org.testng.reporters.JUnitXMLReporter -->
<testsuite ignored="0" hostname="MBP-Alehandro" failures="0" tests="3" name="DepartmentTests.MainTest" time="85.055" errors="0" timestamp="2022-12-13T16:47:14 MSK">
  <testcase classname="DepartmentTests.MainTest" name="testPodruge" time="13.719"/>
  <testcase classname="DepartmentTests.CreateDeleteDepartTest" name="CreateDeleteDepartmentTest" time="27.503"/>
  <testcase classname="DepartmentTests.ChildDepartCreateDeleteTest" name="CreateDeleteDepartmentTest" time="36.723"/>
</testsuite> <!-- DepartmentTests.MainTest -->
