<?xml version="1.0" encoding="UTF-8"?>
<testng-results ignored="0" total="2" passed="2" failed="0" skipped="0">
  <reporter-output>
  </reporter-output>
  <suite started-at="2022-12-13T14:10:06 MSK" name="SuiteForPodruge" finished-at="2022-12-13T14:10:52 MSK" duration-ms="45230">
    <groups>
    </groups>
    <test started-at="2022-12-13T14:10:06 MSK" name="DepartmentTests.MainTest" finished-at="2022-12-13T14:10:52 MSK" duration-ms="45230">
      <class name="DepartmentTests.MainTest">
        <test-method is-config="true" signature="before()[pri:0, instance:DepartmentTests.MainTest@4944252c]" started-at="2022-12-13T14:10:06 MSK" name="before" finished-at="2022-12-13T14:10:10 MSK" duration-ms="3431" status="PASS">
          <reporter-output>
          </reporter-output>
        </test-method> <!-- before -->
        <test-method signature="testPodruge()[pri:0, instance:DepartmentTests.MainTest@4944252c]" started-at="2022-12-13T14:10:10 MSK" name="testPodruge" finished-at="2022-12-13T14:10:28 MSK" duration-ms="18456" status="PASS">
          <reporter-output>
          </reporter-output>
        </test-method> <!-- testPodruge -->
        <test-method is-config="true" signature="after()[pri:0, instance:DepartmentTests.MainTest@4944252c]" started-at="2022-12-13T14:10:28 MSK" name="after" finished-at="2022-12-13T14:10:28 MSK" duration-ms="0" status="PASS">
          <reporter-output>
          </reporter-output>
        </test-method> <!-- after -->
      </class> <!-- DepartmentTests.MainTest -->
      <class name="DepartmentTests.CreateDeleteDepartTest">
        <test-method is-config="true" signature="before()[pri:0, instance:DepartmentTests.CreateDeleteDepartTest@6d3a388c]" started-at="2022-12-13T14:10:28 MSK" name="before" finished-at="2022-12-13T14:10:30 MSK" duration-ms="2030" status="PASS">
          <reporter-output>
          </reporter-output>
        </test-method> <!-- before -->
        <test-method signature="CreateDeleteDepartmentTest()[pri:0, instance:DepartmentTests.CreateDeleteDepartTest@6d3a388c]" started-at="2022-12-13T14:10:30 MSK" name="CreateDeleteDepartmentTest" finished-at="2022-12-13T14:10:52 MSK" duration-ms="21283" status="PASS">
          <reporter-output>
          </reporter-output>
        </test-method> <!-- CreateDeleteDepartmentTest -->
        <test-method is-config="true" signature="after()[pri:0, instance:DepartmentTests.CreateDeleteDepartTest@6d3a388c]" started-at="2022-12-13T14:10:52 MSK" name="after" finished-at="2022-12-13T14:10:52 MSK" duration-ms="0" status="PASS">
          <reporter-output>
          </reporter-output>
        </test-method> <!-- after -->
      </class> <!-- DepartmentTests.CreateDeleteDepartTest -->
    </test> <!-- DepartmentTests.MainTest -->
  </suite> <!-- SuiteForPodruge -->
</testng-results>
